=============================================================================
Filelist generated by IPexpress/Clarity    10/03/2024    14:02:13          
Filename: byte2pixel_filelist.log                                         
Copyright(c) 2015 Lattice Semiconductor Corporation. All rights reserved.   
=============================================================================

-----------------------------------------------------------------------------
Basic IP Core Files
Output Directory: C:/Project/Working/FPGA/HOME/FPGA/byte2pixel_rev_0/byte2pixel_rev_0/byte2pixel 
-----------------------------------------------------------------------------
  byte2pixel.lpc                      : IP ispLEVER LPC File
  byte2pixel.v                        : IP Verilog Top Module
  byte2pixel_wrap.v                   : IP Verilog Top Module with decreased IOs to pass PAR
  byte2pixel_byte2pixel_bb.v          : IP Verilog Black-box for Synthesis
  byte2pixel_byte2pixel.v             : IP Verilog Submodule for Simulation
  byte2pixel_gen.log                  : IP Status Log
  byte2pixel_generate.log             : IP Generate Log
ngo files:
  byte2pixel_byte2pixel.ngo
  pmi_ram_dpLbnonessdr1638163811883e9e.ngo

-----------------------------------------------------------------------------
Supplemental Implementation and Simulation Files:
 
Testbench files common to all Byte to Pixel Converter configurations
    ../C:/Project/Working/FPGA/HOME/FPGA/byte2pixel_rev_0/byte2pixel_rev_0/byte2pixel/byte2pixel_eval/testbench 
 
Models common to all Byte to Pixel Converter configurations
    ../C:/Project/Working/FPGA/HOME/FPGA/byte2pixel_rev_0/byte2pixel_rev_0/byte2pixel/byte2pixel_eval/models/lifmd 
 
Simulation files specific to byte2pixel configuration
    ../C:/Project/Working/FPGA/HOME/FPGA/byte2pixel_rev_0/byte2pixel_rev_0/byte2pixel/byte2pixel_eval/byte2pixel/sim/modelsim 
    ../C:/Project/Working/FPGA/HOME/FPGA/byte2pixel_rev_0/byte2pixel_rev_0/byte2pixel/byte2pixel_eval/byte2pixel/sim/aldec 
 
Implementation files specific to byte2pixel configuration
    ../C:/Project/Working/FPGA/HOME/FPGA/byte2pixel_rev_0/byte2pixel_rev_0/byte2pixel/byte2pixel_eval/byte2pixel/impl 

