=============================================================================
Filelist generated by IPexpress/Clarity    09/30/2024    07:57:17        
Filename  : csi_dphy_rx_filelist.log                                   
IP package: CSI-2/DSI D-PHY Receiver 1.6                              
Copyright(c) 2015 Lattice Semiconductor Corporation. All rights reserved.    
=============================================================================

-----------------------------------------------------------------------------
Basic IP Core Files
Output Directory: C:/Project/Working/FPGA/HOME/Camera/crosslink_histo_demo_proj-main/crosslink_histo_demo_proj-main/ip/csi_dphy_rx 
-----------------------------------------------------------------------------
  csi_dphy_rx.lpc                      : IP ispLEVER LPC File
  csi_dphy_rx.v                        : IP Verilog Top Module
  csi_dphy_rx_dphy_rx.v                : IP Verilog Submodule
  csi_dphy_rx_capture_ctrl_bb.v        : IP Verilog Black-box for Synthesis
  csi_dphy_rx_dphy_rx_wrap_bb.v        : IP Verilog Black-box for Synthesis
  csi_dphy_rx_soft_dphy_rx_bb.v        : IP Verilog Black-box for Synthesis
  csi_dphy_rx_rx_global_ctrl_bb.v      : IP Verilog Black-box for Synthesis
  csi_dphy_rx_capture_ctrl.v           : IP Verilog Submodule for Simulation
  csi_dphy_rx_soft_dphy_rx.v           : IP Verilog Submodule for Simulation
  csi_dphy_rx_dphy_wrapper.v           : IP Verilog Submodule for Simulation
  csi_dphy_rx_dphy_rx_wrap.v           : IP Verilog Submodule for Simulation
  csi_dphy_rx_rx_global_ctrl.v         : IP Verilog Submodule for Simulation
  csi_dphy_rx_params.v                 : IP Verilog Defines File
  csi_dphy_rx_gen.log                  : IP Status Log
  csi_dphy_rx_generate.log             : IP Generate Log
ngo files:
  csi_dphy_rx_capture_ctrl.ngo
  csi_dphy_rx_dphy_rx_wrap.ngo
  csi_dphy_rx_rx_global_ctrl.ngo
  csi_dphy_rx_soft_dphy_rx.ngo
  pmi_fifo_dcELar112701281281281616104c76e3.ngo

-----------------------------------------------------------------------------
Supplemental Implementation and Simulation Files:
 
Testbench files common to all CSI-2/DSI D-PHY Receiver configurations
    ../C:/Project/Working/FPGA/HOME/Camera/crosslink_histo_demo_proj-main/crosslink_histo_demo_proj-main/ip/csi_dphy_rx/dphy_rx_eval/testbench 
 
Models common to all CSI-2/DSI D-PHY Receiver configurations
    ../C:/Project/Working/FPGA/HOME/Camera/crosslink_histo_demo_proj-main/crosslink_histo_demo_proj-main/ip/csi_dphy_rx/dphy_rx_eval/models/lifmd 
 
Simulation files specific to csi_dphy_rx configuration
    ../C:/Project/Working/FPGA/HOME/Camera/crosslink_histo_demo_proj-main/crosslink_histo_demo_proj-main/ip/csi_dphy_rx/dphy_rx_eval/csi_dphy_rx/sim/modelsim 
    ../C:/Project/Working/FPGA/HOME/Camera/crosslink_histo_demo_proj-main/crosslink_histo_demo_proj-main/ip/csi_dphy_rx/dphy_rx_eval/csi_dphy_rx/sim/aldec 
 
Implementation files specific to csi_dphy_rx configuration
    ../C:/Project/Working/FPGA/HOME/Camera/crosslink_histo_demo_proj-main/crosslink_histo_demo_proj-main/ip/csi_dphy_rx/dphy_rx_eval/csi_dphy_rx/impl 

