SCUBA, Version Diamond (64-bit) 3.13.0.56.2
Mon Sep 30 07:58:39 2024
  
Copyright (c) 1991-1994 by NeoCAD Inc. All rights reserved.
Copyright (c) 1995 AT&T Corp.   All rights reserved.
Copyright (c) 1995-2001 Lucent Technologies Inc.  All rights reserved.
Copyright (c) 2001 Agere Systems   All rights reserved.
Copyright (c) 2002-2023 Lattice Semiconductor Corporation,  All rights reserved.
  
BEGIN SCUBA Module Synthesis
  
    Issued command   : C:\lscc\diamond\3.13\ispfpga\bin\nt64\scuba.exe -w -n ram_dq_ip -lang verilog -synth lse -bus_exp 7 -bb -arch sn5w00 -type ramdq -device LIF-MD6000 -addr_width 10 -data_width 32 -num_words 1024 -outdata REGISTERED -cascade -1 -resetmode SYNC -sync_reset -mem_init0 -writemode NORMAL 
    Circuit name     : ram_dq_ip
    Module type      : RAM_DQ
    Module Version   : 7.5
    Ports            : 
    Inputs       : Clock, ClockEn, Reset, WE, Address[9:0], Data[31:0]
    Outputs      : Q[31:0]
    I/O buffer       : not inserted
    Memory file      : INIT_ALL_0s
    EDIF output      : ram_dq_ip.edn
    Verilog output   : ram_dq_ip.v
    Verilog template : ram_dq_ip_tmpl.v
    Verilog testbench: tb_ram_dq_ip_tmpl.v
    Verilog purpose  : for synthesis and simulation
    Bus notation     : big endian
    Report output    : ram_dq_ip.srp
    Estimated Resource Usage:
            EBR : 4
  
END   SCUBA Module Synthesis

