synthesis:  version Diamond (64-bit) 3.13.0.56.2

Copyright (c) 1991-1994 by NeoCAD Inc. All rights reserved.
Copyright (c) 1995 AT&T Corp.   All rights reserved.
Copyright (c) 1995-2001 Lucent Technologies Inc.  All rights reserved.
Copyright (c) 2001 Agere Systems   All rights reserved.
Copyright (c) 2002-2023 Lattice Semiconductor Corporation,  All rights reserved.
Mon Sep 30 07:58:42 2024


Command Line:  C:\lscc\diamond\3.13\ispfpga\bin\nt64\synthesis.exe -f ram_dq_ip.synproj -sdc C:/Project/Working/FPGA/HOME/Camera/crosslink_histo_demo_proj-main/crosslink_histo_demo_proj-main/ip/ram_dq_ip/ram_dq_ip.ldc -gui 

Synthesis options:
The -a option is lifmd.
The -s option is 6.
The -t option is CKFBGA80.
The -d option is LIF-MD6000.
Using package CKFBGA80.
Using performance grade 6.
                                                          

##########################################################

### Lattice Family : LIFMD

### Device  : LIF-MD6000

### Package : CKFBGA80

### Speed   : 6

##########################################################

                                                          

INFO - synthesis: User-Selected Strategy Settings
Optimization goal = Balanced
Top-level module name = ram_dq_ip.
Target frequency = 200.000000 MHz.
Maximum fanout = 1000.
Timing path count = 3
BRAM utilization = 100.000000 %
DSP usage = true (default)
DSP utilization = 100 % (default)
fsm_encoding_style = auto
resolve_mixed_drivers = 0
fix_gated_clocks = 1

Mux style = Auto
Use Carry Chain = true
carry_chain_length = 0
Use IO Insertion = FALSE
Use IO Reg = FALSE (implied)
WARNING - synthesis: Cannot pack registers into I/Os because use_io_insertion is FALSE.
WARNING - synthesis: Ignoring user setting of use_io_reg. Value is set to FALSE.
Use IO Reg = FALSE
Resource Sharing = TRUE
Propagate Constants = TRUE
Remove Duplicate Registers = TRUE
force_gsr = auto
ROM style = auto
RAM style = auto
The -comp option is FALSE.
The -syn option is FALSE.
-p C:/Project/Working/FPGA/HOME/Camera/crosslink_histo_demo_proj-main/crosslink_histo_demo_proj-main/ip/ram_dq_ip (searchpath added)
Verilog design file = C:/lscc/diamond/3.13/cae_library/synthesis/verilog/lifmd.v
Verilog design file = C:/lscc/diamond/3.13/cae_library/synthesis/verilog/pmi_def.v
Verilog design file = C:/Project/Working/FPGA/HOME/Camera/crosslink_histo_demo_proj-main/crosslink_histo_demo_proj-main/ip/ram_dq_ip/ram_dq_ip.v
NGO file = C:/Project/Working/FPGA/HOME/Camera/crosslink_histo_demo_proj-main/crosslink_histo_demo_proj-main/ip/ram_dq_ip/ram_dq_ip.ngo
WARNING - synthesis: Option -force_gsr will be set to false when option -output_edif/-ngo are set
-sdc option: SDC file input is C:/Project/Working/FPGA/HOME/Camera/crosslink_histo_demo_proj-main/crosslink_histo_demo_proj-main/ip/ram_dq_ip/ram_dq_ip.ldc.
-lpf option: Output file option is ON.
Hardtimer checking is enabled (default). The -dt option is not used.
The -r option is OFF. [ Remove LOC Properties is OFF. ]
Analyzing Verilog file C:/lscc/diamond/3.13/ispfpga/userware/NT/SYNTHESIS_HEADERS/lifmd.v. VERI-1482
Compile design.
Compile Design Begin
Analyzing Verilog file c:/lscc/diamond/3.13/cae_library/synthesis/verilog/lifmd.v. VERI-1482
Analyzing Verilog file c:/lscc/diamond/3.13/cae_library/synthesis/verilog/pmi_def.v. VERI-1482
Analyzing Verilog file c:/project/working/fpga/home/camera/crosslink_histo_demo_proj-main/crosslink_histo_demo_proj-main/ip/ram_dq_ip/ram_dq_ip.v. VERI-1482
Analyzing Verilog file C:/lscc/diamond/3.13/ispfpga/userware/NT/SYNTHESIS_HEADERS/lifmd.v. VERI-1482
Top module name (Verilog): ram_dq_ip
INFO - synthesis: c:/project/working/fpga/home/camera/crosslink_histo_demo_proj-main/crosslink_histo_demo_proj-main/ip/ram_dq_ip/ram_dq_ip.v(8): compiling module ram_dq_ip. VERI-1018
INFO - synthesis: C:/lscc/diamond/3.13/ispfpga/userware/NT/SYNTHESIS_HEADERS/lifmd.v(1035): compiling module DP8KE(REGMODE_A="OUTREG",CSDECODE_B="0b111"). VERI-1018
INFO - synthesis: C:/lscc/diamond/3.13/ispfpga/userware/NT/SYNTHESIS_HEADERS/lifmd.v(741): compiling module VHI. VERI-1018
INFO - synthesis: C:/lscc/diamond/3.13/ispfpga/userware/NT/SYNTHESIS_HEADERS/lifmd.v(745): compiling module VLO. VERI-1018
Loading NGL library 'C:/lscc/diamond/3.13/ispfpga/sn5w00/data/sn5wlib.ngl'...
Loading NGL library 'C:/lscc/diamond/3.13/ispfpga/sa5p00/data/sa5plib.ngl'...
Loading NGL library 'C:/lscc/diamond/3.13/ispfpga/xo2c00/data/xo2clib.ngl'...
Loading NGL library 'C:/lscc/diamond/3.13/ispfpga/mg5g00/data/mg5glib.ngl'...
Loading NGL library 'C:/lscc/diamond/3.13/ispfpga/or5g00/data/orc5glib.ngl'...
Loading device for application map from file 'sn5w6000.nph' in environment: C:/lscc/diamond/3.13/ispfpga.
Package Status:                     Final          Version 1.38.
WARNING - synthesis: There are no design constraints in the file C:/Project/Working/FPGA/HOME/Camera/crosslink_histo_demo_proj-main/crosslink_histo_demo_proj-main/ip/ram_dq_ip/ram_dq_ip.ldc
Top-level module name = ram_dq_ip.
WARNING - synthesis: Couldn't bind cell OFE1P3BX to technology library
WARNING - synthesis: Couldn't bind cell OFE1P3DX to technology library
WARNING - synthesis: Couldn't bind cell OFE1P3IX to technology library
WARNING - synthesis: Couldn't bind cell OFE1P3JX to technology library
WARNING - synthesis: Couldn't bind cell ROM16X1 to technology library
WARNING - synthesis: Couldn't bind cell ROM32X1 to technology library
WARNING - synthesis: Couldn't bind cell ROM64X1 to technology library
WARNING - synthesis: Couldn't bind cell ROM128X1 to technology library
WARNING - synthesis: Couldn't bind cell ROM256X1 to technology library
WARNING - synthesis: There are no design constraints in the file C:/Project/Working/FPGA/HOME/Camera/crosslink_histo_demo_proj-main/crosslink_histo_demo_proj-main/ip/ram_dq_ip/ram_dq_ip.ldc
This ldc file was generated by Clarity Designer!

WARNING - synthesis: c:/project/working/fpga/home/camera/crosslink_histo_demo_proj-main/crosslink_histo_demo_proj-main/ip/ram_dq_ip/ram_dq_ip.v(81): Removing unused instance _6. VDB-5034
WARNING - synthesis: c:/project/working/fpga/home/camera/crosslink_histo_demo_proj-main/crosslink_histo_demo_proj-main/ip/ram_dq_ip/ram_dq_ip.v(146): Removing unused instance _7. VDB-5034
WARNING - synthesis: c:/project/working/fpga/home/camera/crosslink_histo_demo_proj-main/crosslink_histo_demo_proj-main/ip/ram_dq_ip/ram_dq_ip.v(211): Removing unused instance _8. VDB-5034
WARNING - synthesis: c:/project/working/fpga/home/camera/crosslink_histo_demo_proj-main/crosslink_histo_demo_proj-main/ip/ram_dq_ip/ram_dq_ip.v(280): Removing unused instance . VDB-5034



######## GSR will not be inferred in an NGO flow, unless force_gsr=yes.
WARNING - synthesis: There are no design constraints in the file ram_dq_ip_for_lpf.sdc
Writing LPF file C:/Project/Working/FPGA/HOME/Camera/crosslink_histo_demo_proj-main/crosslink_histo_demo_proj-main/ip/ram_dq_ip/ram_dq_ip.lpf.
Results of NGD DRC are available in ram_dq_ip_drc.log.
WARNING - synthesis: DRC checking was skipped because the -ngo option was used.
Writing NGD file C:/Project/Working/FPGA/HOME/Camera/crosslink_histo_demo_proj-main/crosslink_histo_demo_proj-main/ip/ram_dq_ip/ram_dq_ip.ngo.

################### Begin Area Report (ram_dq_ip)######################
Number of register bits => 0 of 6047 (0 % )
DP8KE => 4
GSR => 1
################### End Area Report ##################

################### Begin Clock Report ######################
Clock Nets
Number of Clocks: 0
Clock Enable Nets
Number of Clock Enables: 0
Top 0 highest fanout Clock Enables:
Highest fanout non-clock nets
Top 10 highest fanout non-clock nets:
  Net : Q[31], loads : 0
  Net : Q[30], loads : 0
  Net : Q[29], loads : 0
  Net : Q[28], loads : 0
  Net : Q[27], loads : 0
  Net : Q[26], loads : 0
  Net : Q[25], loads : 0
  Net : Q[24], loads : 0
  Net : Q[23], loads : 0
  Net : Q[22], loads : 0
################### End Clock Report ##################

Timing Report Summary
--------------
--------------------------------------------------------------------------------
Constraint                              |   Constraint|       Actual|Levels
--------------------------------------------------------------------------------
                                        |             |             |
create_clock -period 5.000000 -name     |             |             |
clk500 [get_nets Clock]                 |            -|            -|     0  
                                        |             |             |
--------------------------------------------------------------------------------


All constraints were met.


Peak Memory Usage: 54.105  MB

--------------------------------------------------------------
Elapsed CPU time for LSE flow : 0.016  secs
--------------------------------------------------------------
