=============================================================================
Filelist generated by IPexpress/Clarity    10/02/2024    12:45:31        
Filename  : csi_dphy_filelist.log                                   
IP package: CSI-2/DSI D-PHY Receiver 1.6                              
Copyright(c) 2015 Lattice Semiconductor Corporation. All rights reserved.    
=============================================================================

-----------------------------------------------------------------------------
Basic IP Core Files
Output Directory: C:/Project/Working/FPGA/HOME/FPGA/mipidphy_rev_0/mipiphy_rev_0/csi_dphy 
-----------------------------------------------------------------------------
  csi_dphy.lpc                      : IP ispLEVER LPC File
  csi_dphy.v                        : IP Verilog Top Module
  csi_dphy_dphy_rx.v                : IP Verilog Submodule
  csi_dphy_capture_ctrl_bb.v        : IP Verilog Black-box for Synthesis
  csi_dphy_dphy_rx_wrap_bb.v        : IP Verilog Black-box for Synthesis
  csi_dphy_soft_dphy_rx_bb.v        : IP Verilog Black-box for Synthesis
  csi_dphy_rx_global_ctrl_bb.v      : IP Verilog Black-box for Synthesis
  csi_dphy_capture_ctrl.v           : IP Verilog Submodule for Simulation
  csi_dphy_soft_dphy_rx.v           : IP Verilog Submodule for Simulation
  csi_dphy_dphy_wrapper.v           : IP Verilog Submodule for Simulation
  csi_dphy_dphy_rx_wrap.v           : IP Verilog Submodule for Simulation
  csi_dphy_rx_global_ctrl.v         : IP Verilog Submodule for Simulation
  csi_dphy_params.v                 : IP Verilog Defines File
  csi_dphy_gen.log                  : IP Status Log
  csi_dphy_generate.log             : IP Generate Log
ngo files:
  csi_dphy_capture_ctrl.ngo
  csi_dphy_dphy_rx_wrap.ngo
  csi_dphy_rx_global_ctrl.ngo
  csi_dphy_soft_dphy_rx.ngo
  pmi_fifo_dcELar11023010241024102416161082dab9.ngo

-----------------------------------------------------------------------------
Supplemental Implementation and Simulation Files:
 
Testbench files common to all CSI-2/DSI D-PHY Receiver configurations
    ../C:/Project/Working/FPGA/HOME/FPGA/mipidphy_rev_0/mipiphy_rev_0/csi_dphy/dphy_rx_eval/testbench 
 
Models common to all CSI-2/DSI D-PHY Receiver configurations
    ../C:/Project/Working/FPGA/HOME/FPGA/mipidphy_rev_0/mipiphy_rev_0/csi_dphy/dphy_rx_eval/models/lifmd 
 
Simulation files specific to csi_dphy configuration
    ../C:/Project/Working/FPGA/HOME/FPGA/mipidphy_rev_0/mipiphy_rev_0/csi_dphy/dphy_rx_eval/csi_dphy/sim/modelsim 
    ../C:/Project/Working/FPGA/HOME/FPGA/mipidphy_rev_0/mipiphy_rev_0/csi_dphy/dphy_rx_eval/csi_dphy/sim/aldec 
 
Implementation files specific to csi_dphy configuration
    ../C:/Project/Working/FPGA/HOME/FPGA/mipidphy_rev_0/mipiphy_rev_0/csi_dphy/dphy_rx_eval/csi_dphy/impl 

