=============================================================================
Filelist generated by IPexpress/Clarity    09/30/2024    07:56:50          
Filename: byte2pix_filelist.log                                         
Copyright(c) 2015 Lattice Semiconductor Corporation. All rights reserved.   
=============================================================================

-----------------------------------------------------------------------------
Basic IP Core Files
Output Directory: C:/Project/Working/FPGA/HOME/Camera/crosslink_histo_demo_proj-main/crosslink_histo_demo_proj-main/ip/byte2pix 
-----------------------------------------------------------------------------
  byte2pix.lpc                      : IP ispLEVER LPC File
  byte2pix.v                        : IP Verilog Top Module
  byte2pix_wrap.v                   : IP Verilog Top Module with decreased IOs to pass PAR
  byte2pix_byte2pixel_bb.v          : IP Verilog Black-box for Synthesis
  byte2pix_byte2pixel.v             : IP Verilog Submodule for Simulation
  byte2pix_gen.log                  : IP Status Log
  byte2pix_generate.log             : IP Generate Log
ngo files:
  byte2pix_byte2pixel.ngo
  pmi_ram_dpLbnonessdr1638163811883e9e.ngo

-----------------------------------------------------------------------------
Supplemental Implementation and Simulation Files:
 
Testbench files common to all Byte to Pixel Converter configurations
    ../C:/Project/Working/FPGA/HOME/Camera/crosslink_histo_demo_proj-main/crosslink_histo_demo_proj-main/ip/byte2pix/byte2pixel_eval/testbench 
 
Models common to all Byte to Pixel Converter configurations
    ../C:/Project/Working/FPGA/HOME/Camera/crosslink_histo_demo_proj-main/crosslink_histo_demo_proj-main/ip/byte2pix/byte2pixel_eval/models/lifmd 
 
Simulation files specific to byte2pix configuration
    ../C:/Project/Working/FPGA/HOME/Camera/crosslink_histo_demo_proj-main/crosslink_histo_demo_proj-main/ip/byte2pix/byte2pixel_eval/byte2pix/sim/modelsim 
    ../C:/Project/Working/FPGA/HOME/Camera/crosslink_histo_demo_proj-main/crosslink_histo_demo_proj-main/ip/byte2pix/byte2pixel_eval/byte2pix/sim/aldec 
 
Implementation files specific to byte2pix configuration
    ../C:/Project/Working/FPGA/HOME/Camera/crosslink_histo_demo_proj-main/crosslink_histo_demo_proj-main/ip/byte2pix/byte2pixel_eval/byte2pix/impl 

