# Reading C:/Microsemi/Libero_SoC_v11.9/Modelsim/tcl/vsim/pref.tcl
# do run.do
# INFO: Simulation library presynth already exists
# Model Technology ModelSim Microsemi vmap 10.5c Lib Mapping Utility 2016.07 Jul 21 2016
# vmap presynth presynth 
# Modifying modelsim.ini
# Model Technology ModelSim Microsemi vmap 10.5c Lib Mapping Utility 2016.07 Jul 21 2016
# vmap proasic3 C:/Microsemi/Libero_SoC_v11.9/Designer/lib/modelsim/precompiled/vlog/proasic3 
# Modifying modelsim.ini
# Model Technology ModelSim Microsemi vlog 10.5c Compiler 2016.07 Jul 21 2016
# Start time: 10:38:21 on Apr 30,2024
# vlog -reportprogress 300 "+incdir+C:/Project/7000-0300 PWA SEED DRIVER/SPI_Serial_Peripheral_Interface_Verilog_Modules-main/SPI/hdl" -vlog01compat -work presynth C:/Project/7000-0300 PWA SEED DRIVER/SPI_Serial_Peripheral_Interface_Verilog_Modules-main/SPI/hdl/spi_clgen.v 
# -- Compiling module spi_clgen
# 
# Top level modules:
# 	spi_clgen
# End time: 10:38:21 on Apr 30,2024, Elapsed time: 0:00:00
# Errors: 0, Warnings: 0
# Model Technology ModelSim Microsemi vlog 10.5c Compiler 2016.07 Jul 21 2016
# Start time: 10:38:21 on Apr 30,2024
# vlog -reportprogress 300 "+incdir+C:/Project/7000-0300 PWA SEED DRIVER/SPI_Serial_Peripheral_Interface_Verilog_Modules-main/SPI/hdl" -vlog01compat -work presynth C:/Project/7000-0300 PWA SEED DRIVER/SPI_Serial_Peripheral_Interface_Verilog_Modules-main/SPI/hdl/spi_shift_reg.v 
# -- Compiling module spi_shift_reg
# 
# Top level modules:
# 	spi_shift_reg
# End time: 10:38:21 on Apr 30,2024, Elapsed time: 0:00:00
# Errors: 0, Warnings: 0
# Model Technology ModelSim Microsemi vlog 10.5c Compiler 2016.07 Jul 21 2016
# Start time: 10:38:21 on Apr 30,2024
# vlog -reportprogress 300 "+incdir+C:/Project/7000-0300 PWA SEED DRIVER/SPI_Serial_Peripheral_Interface_Verilog_Modules-main/SPI/hdl" -vlog01compat -work presynth C:/Project/7000-0300 PWA SEED DRIVER/SPI_Serial_Peripheral_Interface_Verilog_Modules-main/SPI/hdl/spi_top.v 
# -- Compiling module spi_top
# 
# Top level modules:
# 	spi_top
# End time: 10:38:21 on Apr 30,2024, Elapsed time: 0:00:00
# Errors: 0, Warnings: 0
# Model Technology ModelSim Microsemi vlog 10.5c Compiler 2016.07 Jul 21 2016
# Start time: 10:38:21 on Apr 30,2024
# vlog -reportprogress 300 "+incdir+C:/Project/7000-0300 PWA SEED DRIVER/SPI_Serial_Peripheral_Interface_Verilog_Modules-main/SPI/hdl" -vlog01compat -work presynth C:/Project/7000-0300 PWA SEED DRIVER/SPI_Serial_Peripheral_Interface_Verilog_Modules-main/SPI/hdl/spi_slave.v 
# -- Compiling module spi_slave
# 
# Top level modules:
# 	spi_slave
# End time: 10:38:21 on Apr 30,2024, Elapsed time: 0:00:00
# Errors: 0, Warnings: 0
# Model Technology ModelSim Microsemi vlog 10.5c Compiler 2016.07 Jul 21 2016
# Start time: 10:38:21 on Apr 30,2024
# vlog -reportprogress 300 "+incdir+C:/Project/7000-0300 PWA SEED DRIVER/SPI_Serial_Peripheral_Interface_Verilog_Modules-main/SPI/hdl" -vlog01compat -work presynth C:/Project/7000-0300 PWA SEED DRIVER/SPI_Serial_Peripheral_Interface_Verilog_Modules-main/SPI/hdl/wishbone_master.v 
# -- Compiling module wishbone_master
# 
# Top level modules:
# 	wishbone_master
# End time: 10:38:21 on Apr 30,2024, Elapsed time: 0:00:00
# Errors: 0, Warnings: 0
# Model Technology ModelSim Microsemi vlog 10.5c Compiler 2016.07 Jul 21 2016
# Start time: 10:38:21 on Apr 30,2024
# vlog -reportprogress 300 "+incdir+C:/Project/7000-0300 PWA SEED DRIVER/SPI_Serial_Peripheral_Interface_Verilog_Modules-main/SPI/hdl" "+incdir+C:/Project/7000-0300 PWA SEED DRIVER/SPI_Serial_Peripheral_Interface_Verilog_Modules-main/SPI/stimulus" -vlog01compat -work presynth C:/Project/7000-0300 PWA SEED DRIVER/SPI_Serial_Peripheral_Interface_Verilog_Modules-main/SPI/stimulus/tb.v 
# -- Compiling module tb
# 
# Top level modules:
# 	tb
# End time: 10:38:21 on Apr 30,2024, Elapsed time: 0:00:00
# Errors: 0, Warnings: 0
# vsim -L proasic3 -L presynth -t 1ps presynth.tb 
# Start time: 10:38:21 on Apr 30,2024
# //  ModelSim Microsemi 10.5c Jul 21 2016
# //
# //  Copyright 1991-2016 Mentor Graphics Corporation
# //  All Rights Reserved.
# //
# //  ModelSim Microsemi and its associated documentation contain trade
# //  secrets and commercial or financial information that are the property of
# //  Mentor Graphics Corporation and are privileged, confidential,
# //  and exempt from disclosure under the Freedom of Information Act,
# //  5 U.S.C. Section 552. Furthermore, this information
# //  is prohibited from disclosure under the Trade Secrets Act,
# //  18 U.S.C. Section 1905.
# //
# Loading presynth.tb
# Loading presynth.wishbone_master
# Loading presynth.spi_top
# Loading presynth.spi_clgen
# Loading presynth.spi_shift_reg
# Loading presynth.spi_slave
# ** Note: $finish    : C:/Project/7000-0300 PWA SEED DRIVER/SPI_Serial_Peripheral_Interface_Verilog_Modules-main/SPI/stimulus/tb.v(107)
#    Time: 2300 ps  Iteration: 1  Instance: /tb
# 1
# Break in Module tb at C:/Project/7000-0300 PWA SEED DRIVER/SPI_Serial_Peripheral_Interface_Verilog_Modules-main/SPI/stimulus/tb.v line 107
# End time: 10:38:40 on Apr 30,2024, Elapsed time: 0:00:19
# Errors: 0, Warnings: 0
